build/app/intermediates/manifest_merge_blame_file/debug/manifest-merger-blame-debug-report.txt
1<?xml version="1.0" encoding="utf-8"?>
2<manifest xmlns:android="http://schemas.android.com/apk/res/android"
3    package="com.example.yellow"
4    android:versionCode="3"
5    android:versionName="2.0.0" >
6
7    <uses-sdk
8        android:minSdkVersion="17"
9        android:targetSdkVersion="30" />
10    <!--
11         Flutter needs it to communicate with the running application
12         to allow setting breakpoints, to provide hot reload, etc.
13    -->
14    <uses-permission android:name="android.permission.INTERNET" />
14-->src/debug/AndroidManifest.xml:6:5-66
14-->src/debug/AndroidManifest.xml:6:22-64
15
16    <queries>
16-->[:flutter_inappwebview] AndroidManifest.xml:7:5-11:15
17        <intent>
17-->[:flutter_inappwebview] AndroidManifest.xml:8:9-10:18
18            <action android:name="android.support.customtabs.action.CustomTabsService" />
18-->[:flutter_inappwebview] AndroidManifest.xml:9:13-90
18-->[:flutter_inappwebview] AndroidManifest.xml:9:21-87
19        </intent>
20    </queries>
21
22    <uses-permission android:name="android.permission.ACCESS_NETWORK_STATE" />
22-->[com.google.firebase:firebase-auth:21.0.1] AndroidManifest.xml:24:5-79
22-->[com.google.firebase:firebase-auth:21.0.1] AndroidManifest.xml:24:22-76
23
24    <application
24-->src/main/AndroidManifest.xml:3:4-40:19
25        android:name="androidx.multidex.MultiDexApplication"
26        android:appComponentFactory="androidx.core.app.CoreComponentFactory"
26-->[androidx.core:core:1.3.0] AndroidManifest.xml:24:18-86
27        android:debuggable="true"
28        android:icon="@mipmap/ic_launcher"
28-->src/main/AndroidManifest.xml:5:9-43
29        android:label="yellow" >
29-->src/main/AndroidManifest.xml:4:9-31
30        <activity
30-->src/main/AndroidManifest.xml:6:9-34:20
31            android:name="com.example.yellow.MainActivity"
31-->src/main/AndroidManifest.xml:7:13-41
32            android:configChanges="orientation|keyboardHidden|keyboard|screenSize|smallestScreenSize|locale|layoutDirection|fontScale|screenLayout|density|uiMode"
32-->src/main/AndroidManifest.xml:10:13-163
33            android:hardwareAccelerated="true"
33-->src/main/AndroidManifest.xml:11:13-47
34            android:launchMode="singleTop"
34-->src/main/AndroidManifest.xml:8:13-43
35            android:theme="@style/LaunchTheme"
35-->src/main/AndroidManifest.xml:9:13-47
36            android:windowSoftInputMode="adjustResize" >
36-->src/main/AndroidManifest.xml:12:13-55
37
38            <!--
39                 Specifies an Android theme to apply to this Activity as soon as
40                 the Android process has started. This theme is visible to the user
41                 while the Flutter UI initializes. After that, this theme continues
42                 to determine the Window background behind the Flutter UI.
43            -->
44            <meta-data
44-->src/main/AndroidManifest.xml:17:13-20:17
45                android:name="io.flutter.embedding.android.NormalTheme"
45-->src/main/AndroidManifest.xml:18:15-70
46                android:resource="@style/NormalTheme" />
46-->src/main/AndroidManifest.xml:19:15-52
47            <!--
48                 Displays an Android View that continues showing the launch screen
49                 Drawable until Flutter paints its first frame, then this splash
50                 screen fades out. A splash screen is useful to avoid any visual
51                 gap between the end of Android's launch screen and the painting of
52                 Flutter's first frame.
53            -->
54            <meta-data
54-->src/main/AndroidManifest.xml:26:13-29:17
55                android:name="io.flutter.embedding.android.SplashScreenDrawable"
55-->src/main/AndroidManifest.xml:27:15-79
56                android:resource="@drawable/launch_background" />
56-->src/main/AndroidManifest.xml:28:15-61
57
58            <intent-filter>
58-->src/main/AndroidManifest.xml:30:13-33:29
59                <action android:name="android.intent.action.MAIN" />
59-->src/main/AndroidManifest.xml:31:17-68
59-->src/main/AndroidManifest.xml:31:25-66
60
61                <category android:name="android.intent.category.LAUNCHER" />
61-->src/main/AndroidManifest.xml:32:17-76
61-->src/main/AndroidManifest.xml:32:27-74
62            </intent-filter>
63        </activity>
64        <!--
65             Don't delete the meta-data below.
66             This is used by the Flutter tool to generate GeneratedPluginRegistrant.java
67        -->
68        <meta-data
68-->src/main/AndroidManifest.xml:37:9-39:33
69            android:name="flutterEmbedding"
69-->src/main/AndroidManifest.xml:38:13-44
70            android:value="2" />
70-->src/main/AndroidManifest.xml:39:13-30
71
72        <service
72-->[:firebase_auth] AndroidManifest.xml:8:9-12:19
73            android:name="com.google.firebase.components.ComponentDiscoveryService"
73-->[:firebase_auth] AndroidManifest.xml:8:18-89
74            android:directBootAware="true"
74-->[com.google.firebase:firebase-common:20.0.0] AndroidManifest.xml:35:13-43
75            android:exported="false" >
75-->[com.google.firebase:firebase-auth:21.0.1] AndroidManifest.xml:76:13-37
76            <meta-data
76-->[:firebase_auth] AndroidManifest.xml:9:13-11:85
77                android:name="com.google.firebase.components:io.flutter.plugins.firebase.auth.FlutterFirebaseAuthRegistrar"
77-->[:firebase_auth] AndroidManifest.xml:10:17-124
78                android:value="com.google.firebase.components.ComponentRegistrar" />
78-->[:firebase_auth] AndroidManifest.xml:11:17-82
79            <meta-data
79-->[:firebase_core] AndroidManifest.xml:9:13-11:85
80                android:name="com.google.firebase.components:io.flutter.plugins.firebase.core.FlutterFirebaseCoreRegistrar"
80-->[:firebase_core] AndroidManifest.xml:10:17-124
81                android:value="com.google.firebase.components.ComponentRegistrar" />
81-->[:firebase_core] AndroidManifest.xml:11:17-82
82            <meta-data
82-->[com.google.firebase:firebase-auth:21.0.1] AndroidManifest.xml:77:13-79:85
83                android:name="com.google.firebase.components:com.google.firebase.auth.FirebaseAuthRegistrar"
83-->[com.google.firebase:firebase-auth:21.0.1] AndroidManifest.xml:78:17-109
84                android:value="com.google.firebase.components.ComponentRegistrar" />
84-->[com.google.firebase:firebase-auth:21.0.1] AndroidManifest.xml:79:17-82
85        </service>
86
87        <activity
87-->[:flutter_inappwebview] AndroidManifest.xml:14:9-17:47
88            android:name="com.pichillilorenzo.flutter_inappwebview.in_app_browser.InAppBrowserActivity"
88-->[:flutter_inappwebview] AndroidManifest.xml:15:13-104
89            android:configChanges="orientation|keyboardHidden|keyboard|screenSize|locale|layoutDirection|fontScale|screenLayout|density"
89-->[:flutter_inappwebview] AndroidManifest.xml:16:13-137
90            android:theme="@style/AppTheme" />
90-->[:flutter_inappwebview] AndroidManifest.xml:17:13-44
91        <activity
91-->[:flutter_inappwebview] AndroidManifest.xml:18:9-20:55
92            android:name="com.pichillilorenzo.flutter_inappwebview.chrome_custom_tabs.ChromeCustomTabsActivity"
92-->[:flutter_inappwebview] AndroidManifest.xml:19:13-112
93            android:theme="@style/ThemeTransparent" />
93-->[:flutter_inappwebview] AndroidManifest.xml:20:13-52
94
95        <receiver android:name="com.pichillilorenzo.flutter_inappwebview.chrome_custom_tabs.ActionBroadcastReceiver" />
95-->[:flutter_inappwebview] AndroidManifest.xml:22:9-120
95-->[:flutter_inappwebview] AndroidManifest.xml:22:19-117
96
97        <meta-data
97-->[:flutter_inappwebview] AndroidManifest.xml:24:9-26:36
98            android:name="io.flutter.embedded_views_preview"
98-->[:flutter_inappwebview] AndroidManifest.xml:25:13-61
99            android:value="true" />
99-->[:flutter_inappwebview] AndroidManifest.xml:26:13-33
100
101        <activity
101-->[com.google.firebase:firebase-auth:21.0.1] AndroidManifest.xml:27:9-44:20
102            android:name="com.google.firebase.auth.internal.GenericIdpActivity"
102-->[com.google.firebase:firebase-auth:21.0.1] AndroidManifest.xml:28:13-80
103            android:excludeFromRecents="true"
103-->[com.google.firebase:firebase-auth:21.0.1] AndroidManifest.xml:29:13-46
104            android:exported="true"
104-->[com.google.firebase:firebase-auth:21.0.1] AndroidManifest.xml:30:13-36
105            android:launchMode="singleTask"
105-->[com.google.firebase:firebase-auth:21.0.1] AndroidManifest.xml:31:13-44
106            android:theme="@android:style/Theme.Translucent.NoTitleBar" >
106-->[com.google.firebase:firebase-auth:21.0.1] AndroidManifest.xml:32:13-72
107            <intent-filter>
107-->[com.google.firebase:firebase-auth:21.0.1] AndroidManifest.xml:33:13-43:29
108                <action android:name="android.intent.action.VIEW" />
108-->[com.google.firebase:firebase-auth:21.0.1] AndroidManifest.xml:34:17-69
108-->[com.google.firebase:firebase-auth:21.0.1] AndroidManifest.xml:34:25-66
109
110                <category android:name="android.intent.category.DEFAULT" />
110-->[com.google.firebase:firebase-auth:21.0.1] AndroidManifest.xml:36:17-76
110-->[com.google.firebase:firebase-auth:21.0.1] AndroidManifest.xml:36:27-73
111                <category android:name="android.intent.category.BROWSABLE" />
111-->[com.google.firebase:firebase-auth:21.0.1] AndroidManifest.xml:37:17-78
111-->[com.google.firebase:firebase-auth:21.0.1] AndroidManifest.xml:37:27-75
112
113                <data
113-->[com.google.firebase:firebase-auth:21.0.1] AndroidManifest.xml:39:17-42:51
114                    android:host="firebase.auth"
114-->[com.google.firebase:firebase-auth:21.0.1] AndroidManifest.xml:40:21-49
115                    android:path="/"
115-->[com.google.firebase:firebase-auth:21.0.1] AndroidManifest.xml:41:21-37
116                    android:scheme="genericidp" />
116-->[com.google.firebase:firebase-auth:21.0.1] AndroidManifest.xml:42:21-48
117            </intent-filter>
118        </activity>
119        <activity
119-->[com.google.firebase:firebase-auth:21.0.1] AndroidManifest.xml:45:9-62:20
120            android:name="com.google.firebase.auth.internal.RecaptchaActivity"
120-->[com.google.firebase:firebase-auth:21.0.1] AndroidManifest.xml:46:13-79
121            android:excludeFromRecents="true"
121-->[com.google.firebase:firebase-auth:21.0.1] AndroidManifest.xml:47:13-46
122            android:exported="true"
122-->[com.google.firebase:firebase-auth:21.0.1] AndroidManifest.xml:48:13-36
123            android:launchMode="singleTask"
123-->[com.google.firebase:firebase-auth:21.0.1] AndroidManifest.xml:49:13-44
124            android:theme="@android:style/Theme.Translucent.NoTitleBar" >
124-->[com.google.firebase:firebase-auth:21.0.1] AndroidManifest.xml:50:13-72
125            <intent-filter>
125-->[com.google.firebase:firebase-auth:21.0.1] AndroidManifest.xml:51:13-61:29
126                <action android:name="android.intent.action.VIEW" />
126-->[com.google.firebase:firebase-auth:21.0.1] AndroidManifest.xml:34:17-69
126-->[com.google.firebase:firebase-auth:21.0.1] AndroidManifest.xml:34:25-66
127
128                <category android:name="android.intent.category.DEFAULT" />
128-->[com.google.firebase:firebase-auth:21.0.1] AndroidManifest.xml:36:17-76
128-->[com.google.firebase:firebase-auth:21.0.1] AndroidManifest.xml:36:27-73
129                <category android:name="android.intent.category.BROWSABLE" />
129-->[com.google.firebase:firebase-auth:21.0.1] AndroidManifest.xml:37:17-78
129-->[com.google.firebase:firebase-auth:21.0.1] AndroidManifest.xml:37:27-75
130
131                <data
131-->[com.google.firebase:firebase-auth:21.0.1] AndroidManifest.xml:39:17-42:51
132                    android:host="firebase.auth"
132-->[com.google.firebase:firebase-auth:21.0.1] AndroidManifest.xml:40:21-49
133                    android:path="/"
133-->[com.google.firebase:firebase-auth:21.0.1] AndroidManifest.xml:41:21-37
134                    android:scheme="recaptcha" />
134-->[com.google.firebase:firebase-auth:21.0.1] AndroidManifest.xml:42:21-48
135            </intent-filter>
136        </activity>
137
138        <service
138-->[com.google.firebase:firebase-auth:21.0.1] AndroidManifest.xml:64:9-73:19
139            android:name="com.google.firebase.auth.api.fallback.service.FirebaseAuthFallbackService"
139-->[com.google.firebase:firebase-auth:21.0.1] AndroidManifest.xml:65:13-101
140            android:enabled="true"
140-->[com.google.firebase:firebase-auth:21.0.1] AndroidManifest.xml:66:13-35
141            android:exported="false" >
141-->[com.google.firebase:firebase-auth:21.0.1] AndroidManifest.xml:67:13-37
142            <intent-filter>
142-->[com.google.firebase:firebase-auth:21.0.1] AndroidManifest.xml:68:13-72:29
143                <action android:name="com.google.firebase.auth.api.gms.service.START" />
143-->[com.google.firebase:firebase-auth:21.0.1] AndroidManifest.xml:69:17-89
143-->[com.google.firebase:firebase-auth:21.0.1] AndroidManifest.xml:69:25-86
144
145                <category android:name="android.intent.category.DEFAULT" />
145-->[com.google.firebase:firebase-auth:21.0.1] AndroidManifest.xml:36:17-76
145-->[com.google.firebase:firebase-auth:21.0.1] AndroidManifest.xml:36:27-73
146            </intent-filter>
147        </service>
148
149        <provider
149-->[com.google.firebase:firebase-common:20.0.0] AndroidManifest.xml:26:9-31:39
150            android:name="com.google.firebase.provider.FirebaseInitProvider"
150-->[com.google.firebase:firebase-common:20.0.0] AndroidManifest.xml:27:13-77
151            android:authorities="com.example.yellow.firebaseinitprovider"
151-->[com.google.firebase:firebase-common:20.0.0] AndroidManifest.xml:28:13-72
152            android:directBootAware="true"
152-->[com.google.firebase:firebase-common:20.0.0] AndroidManifest.xml:29:13-43
153            android:exported="false"
153-->[com.google.firebase:firebase-common:20.0.0] AndroidManifest.xml:30:13-37
154            android:initOrder="100" />
154-->[com.google.firebase:firebase-common:20.0.0] AndroidManifest.xml:31:13-36
155
156        <activity
156-->[com.google.android.gms:play-services-auth:16.0.1] AndroidManifest.xml:23:9-27:75
157            android:name="com.google.android.gms.auth.api.signin.internal.SignInHubActivity"
157-->[com.google.android.gms:play-services-auth:16.0.1] AndroidManifest.xml:24:13-93
158            android:excludeFromRecents="true"
158-->[com.google.android.gms:play-services-auth:16.0.1] AndroidManifest.xml:25:13-46
159            android:exported="false"
159-->[com.google.android.gms:play-services-auth:16.0.1] AndroidManifest.xml:26:13-37
160            android:theme="@android:style/Theme.Translucent.NoTitleBar" />
160-->[com.google.android.gms:play-services-auth:16.0.1] AndroidManifest.xml:27:13-72
161        <!--
162            Service handling Google Sign-In user revocation. For apps that do not integrate with
163            Google Sign-In, this service will never be started.
164        -->
165        <service
165-->[com.google.android.gms:play-services-auth:16.0.1] AndroidManifest.xml:33:9-36:110
166            android:name="com.google.android.gms.auth.api.signin.RevocationBoundService"
166-->[com.google.android.gms:play-services-auth:16.0.1] AndroidManifest.xml:34:13-89
167            android:exported="true"
167-->[com.google.android.gms:play-services-auth:16.0.1] AndroidManifest.xml:35:13-36
168            android:permission="com.google.android.gms.auth.api.signin.permission.REVOCATION_NOTIFICATION" />
168-->[com.google.android.gms:play-services-auth:16.0.1] AndroidManifest.xml:36:13-107
169
170        <activity
170-->[com.google.android.gms:play-services-base:17.1.0] AndroidManifest.xml:23:9-26:75
171            android:name="com.google.android.gms.common.api.GoogleApiActivity"
171-->[com.google.android.gms:play-services-base:17.1.0] AndroidManifest.xml:24:13-79
172            android:exported="false"
172-->[com.google.android.gms:play-services-base:17.1.0] AndroidManifest.xml:25:13-37
173            android:theme="@android:style/Theme.Translucent.NoTitleBar" />
173-->[com.google.android.gms:play-services-base:17.1.0] AndroidManifest.xml:26:13-72
174
175        <meta-data
175-->[com.google.android.gms:play-services-basement:17.1.0] AndroidManifest.xml:23:9-25:69
176            android:name="com.google.android.gms.version"
176-->[com.google.android.gms:play-services-basement:17.1.0] AndroidManifest.xml:24:13-58
177            android:value="@integer/google_play_services_version" />
177-->[com.google.android.gms:play-services-basement:17.1.0] AndroidManifest.xml:25:13-66
178    </application>
179
180</manifest>